1 2 3 4 5 6 7 4=====8
7 6=====9
7 8 10=====11
8 1=====12
2=====12
3=====12
5=====12
7=====12
8=====12
3 9=====13
11=====13
2 3 4 5 6 13=====18
6 7 8 9 12=====22
17=====22
20=====22
7 8 16=====24
8 14=====25
15=====25
18=====25
19=====25
21=====25
22=====25
24=====25
2 23=====26
2 26=====27
2 3 4 5 6 7 8 25=====34
30=====34
7 27=====35
28=====35
29=====35
32=====35
4 5 31=====37
33=====37
4 5 36=====39
5 34=====40
35=====40
4 37=====41
39=====41
3 4 5 6 7 38=====46
40=====46
41=====46
43=====46
4 5 42=====48
44=====48
45=====48
47=====48
2 3 4 5 48=====52
51=====52
4 5 6 46=====55
49=====55
5 6 50=====57
6 7 52=====59
53=====59
54=====59
55=====59
4 57=====60
4 5 56=====62
59=====62
4 5 58=====64
5 61=====65
5 60=====66
5 62=====67
64=====67
4 63=====68
4 5 6 66=====71
6 65=====72
67=====72
5 68=====73
71=====73
4 70=====74
4 72=====75
4 5 6 73=====78
6 69=====79
6 75=====80
76=====80
78=====80
4 5 74=====82
5 6 77=====84
79=====84
80=====84
81=====84
3 4 83=====86
84=====86
85=====86
2 3 4 5 6 82=====91
89=====91
5 6 7 86=====94
87=====94
88=====94
90=====94
91=====94
3 94=====95
3 4 93=====97
4 5 92=====99
5 6 7 8 95=====103
8 97=====104
8 96=====105
98=====105
99=====105
100=====105
101=====105
102=====105
3 4 103=====107
4 5 104=====109
105=====109
106=====109
108=====109
2 3 107=====111
109=====111
2 3 4 5 110=====115
5 6 7 116=====118
117=====118
6 111=====119
112=====119
113=====119
114=====119
115=====119
2 3 4 5 118=====123
119=====123
120=====123
121=====123
2 3 4 5 124=====127
125=====127
4 122=====128
126=====128
3 4 5 6 7 8 123=====134
8 129=====135
8 132=====136
135=====136
7 127=====137
128=====137
130=====137
5 6 138=====139
6 7 131=====141
