61739820
23799642
137231628
47671268
49322206
180191561
317549082
111743161
49848960
49991675
54436432
315813935
305954289
360245962
241036254
340742570
335948761
359963095
186560026
287399101
235148346
267182747
301031675
70270248
92704697
178675876
330797386
206736801
380659446
306946959
400108981
274825195
329926543
291718299
462985668
180936928
409358201
393509238
382904477
236822783
302959632
325119037
268219145
287687029
408538075
318490825
260720859
397162447
317699622
172186885
423614670
317816681
240122225
354761310
271220216
67257718
371189518
374416028
264919163
305870732
377842830
318860010
367611569
318592776
322183339
355892498
273258624
328681924
368593622
175616558
391135724
146644413
333615156
190486745
279044862
293055180
223966283
223675510
239956062
439163245
462316009
51867702
191971622
393716463
273697886
358657259
330133192
187951451
343349119
88505886
208039310
252744217
321649531
321652411
223344574
319897639
307836397
463568986
320600241
305873535
332665188
356367621
350743445
382470097
404518667
337607207
376450579
392517608
402852196
356756612
343514713
425166032
371546310
301176593
220926955
161629836
184664476
24275070
328370384
264339679
355944420
260183020
373485716
420690208
398738607
206998856
345735691
81173335
414564592
396323816
398475424
354892957
455315207
100571172
418724053
258599831
307135624
357131170
318502986
87190745
399464239
300106567
368036048
410929104
408205836
370712306
279977720
266727674
388317840
495661307
347963106
454404098
299203731
406907504
266079221
347594073
354811926
326487520
341668198
411823690
281975996
111602512
227318909
246131348
356319524
313729545
214428121
472082866
422122720
