    0    1    9    3
   11    0    8    2
    3    4    0    6
    9   10    6    0

   -1    1    4    2
    3   -1    4    2
    3    1   -1    2
    3    1    4   -1

1 -> 1         0  1
1 -> 2         1  1->2
1 -> 3         9  1->2->4->3
1 -> 4         3  1->2->4
2 -> 1        11  2->4->3->1
2 -> 2         0  2
2 -> 3         8  2->4->3
2 -> 4         2  2->4
3 -> 1         3  3->1
3 -> 2         4  3->1->2
3 -> 3         0  3
3 -> 4         6  3->1->2->4
4 -> 1         9  4->3->1
4 -> 2        10  4->3->1->2
4 -> 3         6  4->3
4 -> 4         0  4
